Flow report for SomadorBCD
Fri May 03 10:46:18 2019
Quartus II Version 9.1 Build 350 03/24/2010 Service Pack 2 SJ Web Edition


---------------------
; Table of Contents ;
---------------------
  1. Legal Notice
  2. Flow Summary
  3. Flow Settings
  4. Flow Non-Default Global Settings
  5. Flow Elapsed Time
  6. Flow OS Summary
  7. Flow Log



----------------
; Legal Notice ;
----------------
Copyright (C) 1991-2010 Altera Corporation
Your use of Altera Corporation's design tools, logic functions 
and other software and tools, and its AMPP partner logic 
functions, and any output files from any of the foregoing 
(including device programming or simulation files), and any 
associated documentation or information are expressly subject 
to the terms and conditions of the Altera Program License 
Subscription Agreement, Altera MegaCore Function License 
Agreement, or other applicable license agreement, including, 
without limitation, that your use is for the sole purpose of 
programming logic devices manufactured by Altera and sold by 
Altera or its authorized distributors.  Please refer to the 
applicable agreement for further details.



+------------------------------------------------------------------------------+
; Flow Summary                                                                 ;
+-------------------------------+----------------------------------------------+
; Flow Status                   ; Successful - Fri May 03 10:46:18 2019        ;
; Quartus II Version            ; 9.1 Build 350 03/24/2010 SP 2 SJ Web Edition ;
; Revision Name                 ; SomadorBCD                                   ;
; Top-level Entity Name         ; ULA-DISPLAY-DIAGRAMA                         ;
; Family                        ; Stratix II                                   ;
; Met timing requirements       ; Yes                                          ;
; Logic utilization             ; < 1 %                                        ;
;     Combinational ALUTs       ; 17 / 12,480 ( < 1 % )                        ;
;     Dedicated logic registers ; 0 / 12,480 ( 0 % )                           ;
; Total registers               ; 0                                            ;
; Total pins                    ; 25 / 343 ( 7 % )                             ;
; Total virtual pins            ; 0                                            ;
; Total block memory bits       ; 0 / 419,328 ( 0 % )                          ;
; DSP block 9-bit elements      ; 0 / 96 ( 0 % )                               ;
; Total PLLs                    ; 0 / 6 ( 0 % )                                ;
; Total DLLs                    ; 0 / 2 ( 0 % )                                ;
; Device                        ; EP2S15F484C3                                 ;
; Timing Models                 ; Final                                        ;
+-------------------------------+----------------------------------------------+


+-----------------------------------------+
; Flow Settings                           ;
+-------------------+---------------------+
; Option            ; Setting             ;
+-------------------+---------------------+
; Start date & time ; 05/03/2019 10:46:07 ;
; Main task         ; Compilation         ;
; Revision Name     ; SomadorBCD          ;
+-------------------+---------------------+


+-----------------------------------------------------------------------------------------------------------------------------+
; Flow Non-Default Global Settings                                                                                            ;
+------------------------------------+--------------------------------+---------------+----------------------+----------------+
; Assignment Name                    ; Value                          ; Default Value ; Entity Name          ; Section Id     ;
+------------------------------------+--------------------------------+---------------+----------------------+----------------+
; COMPILER_SIGNATURE_ID              ; 10995770589202.155689116603312 ; --            ; --                   ; --             ;
; PARTITION_COLOR                    ; 16764057                       ; --            ; ULA-DISPLAY-DIAGRAMA ; Top            ;
; PARTITION_NETLIST_TYPE             ; SOURCE                         ; --            ; ULA-DISPLAY-DIAGRAMA ; Top            ;
; TOP_LEVEL_ENTITY                   ; ULA-DISPLAY-DIAGRAMA           ; SomadorBCD    ; --                   ; --             ;
; USE_GENERATED_PHYSICAL_CONSTRAINTS ; Off                            ; --            ; --                   ; eda_blast_fpga ;
+------------------------------------+--------------------------------+---------------+----------------------+----------------+


+-----------------------------------------------------------------------------------------------------------------------------+
; Flow Elapsed Time                                                                                                           ;
+-------------------------+--------------+-------------------------+---------------------+------------------------------------+
; Module Name             ; Elapsed Time ; Average Processors Used ; Peak Virtual Memory ; Total CPU Time (on all processors) ;
+-------------------------+--------------+-------------------------+---------------------+------------------------------------+
; Analysis & Synthesis    ; 00:00:02     ; 1.0                     ; 277 MB              ; 00:00:02                           ;
; Fitter                  ; 00:00:04     ; 1.0                     ; 407 MB              ; 00:00:05                           ;
; Assembler               ; 00:00:02     ; 1.0                     ; 293 MB              ; 00:00:02                           ;
; Classic Timing Analyzer ; 00:00:00     ; 1.0                     ; 223 MB              ; 00:00:00                           ;
; Total                   ; 00:00:08     ; --                      ; --                  ; 00:00:09                           ;
+-------------------------+--------------+-------------------------+---------------------+------------------------------------+


+------------------------------------------------------------------------------------------+
; Flow OS Summary                                                                          ;
+-------------------------+------------------+---------------+------------+----------------+
; Module Name             ; Machine Hostname ; OS Name       ; OS Version ; Processor type ;
+-------------------------+------------------+---------------+------------+----------------+
; Analysis & Synthesis    ; g4c37            ; Windows Vista ; 6.2        ; x86_64         ;
; Fitter                  ; g4c37            ; Windows Vista ; 6.2        ; x86_64         ;
; Assembler               ; g4c37            ; Windows Vista ; 6.2        ; x86_64         ;
; Classic Timing Analyzer ; g4c37            ; Windows Vista ; 6.2        ; x86_64         ;
+-------------------------+------------------+---------------+------------+----------------+


------------
; Flow Log ;
------------
quartus_map --read_settings_files=on --write_settings_files=off SomadorBCD -c SomadorBCD
quartus_fit --read_settings_files=off --write_settings_files=off SomadorBCD -c SomadorBCD
quartus_asm --read_settings_files=off --write_settings_files=off SomadorBCD -c SomadorBCD
quartus_tan --read_settings_files=off --write_settings_files=off SomadorBCD -c SomadorBCD --timing_analysis_only



