Analysis & Synthesis report for proj2
Wed May 29 13:46:05 2019
Quartus II Version 9.1 Build 350 03/24/2010 Service Pack 2 SJ Web Edition


---------------------
; Table of Contents ;
---------------------
  1. Legal Notice
  2. Analysis & Synthesis Summary
  3. Analysis & Synthesis Settings
  4. Parallel Compilation
  5. Analysis & Synthesis Source Files Read
  6. Analysis & Synthesis Resource Usage Summary
  7. Analysis & Synthesis Resource Utilization by Entity
  8. User-Specified and Inferred Latches
  9. Registers Removed During Synthesis
 10. General Register Statistics
 11. Multiplexer Restructuring Statistics (Restructuring Performed)
 12. Parameter Settings for User Entity Instance: memoria:comb_4
 13. Parameter Settings for User Entity Instance: controle:controller
 14. Parameter Settings for User Entity Instance: X:regX
 15. Parameter Settings for User Entity Instance: Y:regY
 16. Parameter Settings for User Entity Instance: X:regZ
 17. Analysis & Synthesis Messages



----------------
; Legal Notice ;
----------------
Copyright (C) 1991-2010 Altera Corporation
Your use of Altera Corporation's design tools, logic functions 
and other software and tools, and its AMPP partner logic 
functions, and any output files from any of the foregoing 
(including device programming or simulation files), and any 
associated documentation or information are expressly subject 
to the terms and conditions of the Altera Program License 
Subscription Agreement, Altera MegaCore Function License 
Agreement, or other applicable license agreement, including, 
without limitation, that your use is for the sole purpose of 
programming logic devices manufactured by Altera and sold by 
Altera or its authorized distributors.  Please refer to the 
applicable agreement for further details.



+------------------------------------------------------------------------------+
; Analysis & Synthesis Summary                                                 ;
+-------------------------------+----------------------------------------------+
; Analysis & Synthesis Status   ; Successful - Wed May 29 13:46:05 2019        ;
; Quartus II Version            ; 9.1 Build 350 03/24/2010 SP 2 SJ Web Edition ;
; Revision Name                 ; proj2                                        ;
; Top-level Entity Name         ; cpu                                          ;
; Family                        ; Stratix II                                   ;
; Logic utilization             ; N/A                                          ;
;     Combinational ALUTs       ; 37                                           ;
;     Dedicated logic registers ; 14                                           ;
; Total registers               ; 14                                           ;
; Total pins                    ; 37                                           ;
; Total virtual pins            ; 0                                            ;
; Total block memory bits       ; 0                                            ;
; DSP block 9-bit elements      ; 0                                            ;
; Total PLLs                    ; 0                                            ;
; Total DLLs                    ; 0                                            ;
+-------------------------------+----------------------------------------------+


+----------------------------------------------------------------------------------------------------------------------+
; Analysis & Synthesis Settings                                                                                        ;
+----------------------------------------------------------------------------+--------------------+--------------------+
; Option                                                                     ; Setting            ; Default Value      ;
+----------------------------------------------------------------------------+--------------------+--------------------+
; Top-level entity name                                                      ; cpu                ; proj2              ;
; Family name                                                                ; Stratix II         ; Stratix II         ;
; Use Generated Physical Constraints File                                    ; Off                ;                    ;
; Use smart compilation                                                      ; Off                ; Off                ;
; Enable parallel Assembler and TimeQuest Timing Analyzer during compilation ; On                 ; On                 ;
; Enable compact report table                                                ; Off                ; Off                ;
; Restructure Multiplexers                                                   ; Auto               ; Auto               ;
; Create Debugging Nodes for IP Cores                                        ; Off                ; Off                ;
; Preserve fewer node names                                                  ; On                 ; On                 ;
; Disable OpenCore Plus hardware evaluation                                  ; Off                ; Off                ;
; Verilog Version                                                            ; Verilog_2001       ; Verilog_2001       ;
; VHDL Version                                                               ; VHDL_1993          ; VHDL_1993          ;
; State Machine Processing                                                   ; Auto               ; Auto               ;
; Safe State Machine                                                         ; Off                ; Off                ;
; Extract Verilog State Machines                                             ; On                 ; On                 ;
; Extract VHDL State Machines                                                ; On                 ; On                 ;
; Ignore Verilog initial constructs                                          ; Off                ; Off                ;
; Iteration limit for constant Verilog loops                                 ; 5000               ; 5000               ;
; Iteration limit for non-constant Verilog loops                             ; 250                ; 250                ;
; Add Pass-Through Logic to Inferred RAMs                                    ; On                 ; On                 ;
; Parallel Synthesis                                                         ; On                 ; On                 ;
; DSP Block Balancing                                                        ; Auto               ; Auto               ;
; NOT Gate Push-Back                                                         ; On                 ; On                 ;
; Power-Up Don't Care                                                        ; On                 ; On                 ;
; Remove Redundant Logic Cells                                               ; Off                ; Off                ;
; Remove Duplicate Registers                                                 ; On                 ; On                 ;
; Ignore CARRY Buffers                                                       ; Off                ; Off                ;
; Ignore CASCADE Buffers                                                     ; Off                ; Off                ;
; Ignore GLOBAL Buffers                                                      ; Off                ; Off                ;
; Ignore ROW GLOBAL Buffers                                                  ; Off                ; Off                ;
; Ignore LCELL Buffers                                                       ; Off                ; Off                ;
; Ignore SOFT Buffers                                                        ; On                 ; On                 ;
; Limit AHDL Integers to 32 Bits                                             ; Off                ; Off                ;
; Optimization Technique                                                     ; Balanced           ; Balanced           ;
; Carry Chain Length                                                         ; 70                 ; 70                 ;
; Auto Carry Chains                                                          ; On                 ; On                 ;
; Auto Open-Drain Pins                                                       ; On                 ; On                 ;
; Perform WYSIWYG Primitive Resynthesis                                      ; Off                ; Off                ;
; Auto ROM Replacement                                                       ; On                 ; On                 ;
; Auto RAM Replacement                                                       ; On                 ; On                 ;
; Auto DSP Block Replacement                                                 ; On                 ; On                 ;
; Auto Shift Register Replacement                                            ; Auto               ; Auto               ;
; Auto Clock Enable Replacement                                              ; On                 ; On                 ;
; Strict RAM Replacement                                                     ; Off                ; Off                ;
; Allow Synchronous Control Signals                                          ; On                 ; On                 ;
; Force Use of Synchronous Clear Signals                                     ; Off                ; Off                ;
; Auto RAM Block Balancing                                                   ; On                 ; On                 ;
; Auto RAM to Logic Cell Conversion                                          ; Off                ; Off                ;
; Auto Resource Sharing                                                      ; Off                ; Off                ;
; Allow Any RAM Size For Recognition                                         ; Off                ; Off                ;
; Allow Any ROM Size For Recognition                                         ; Off                ; Off                ;
; Allow Any Shift Register Size For Recognition                              ; Off                ; Off                ;
; Use LogicLock Constraints during Resource Balancing                        ; On                 ; On                 ;
; Ignore translate_off and synthesis_off directives                          ; Off                ; Off                ;
; Timing-Driven Synthesis                                                    ; Off                ; Off                ;
; Show Parameter Settings Tables in Synthesis Report                         ; On                 ; On                 ;
; Ignore Maximum Fan-Out Assignments                                         ; Off                ; Off                ;
; Synchronization Register Chain Length                                      ; 2                  ; 2                  ;
; PowerPlay Power Optimization                                               ; Normal compilation ; Normal compilation ;
; HDL message level                                                          ; Level2             ; Level2             ;
; Suppress Register Optimization Related Messages                            ; Off                ; Off                ;
; Number of Removed Registers Reported in Synthesis Report                   ; 5000               ; 5000               ;
; Number of Inverted Registers Reported in Synthesis Report                  ; 100                ; 100                ;
; Clock MUX Protection                                                       ; On                 ; On                 ;
; Auto Gated Clock Conversion                                                ; Off                ; Off                ;
; Block Design Naming                                                        ; Auto               ; Auto               ;
; SDC constraint protection                                                  ; Off                ; Off                ;
; Synthesis Effort                                                           ; Auto               ; Auto               ;
; Shift Register Replacement - Allow Asynchronous Clear Signal               ; On                 ; On                 ;
; Analysis & Synthesis Message Level                                         ; Medium             ; Medium             ;
; Disable Register Merging Across Hierarchies                                ; Auto               ; Auto               ;
; Resource Aware Inference For Block RAM                                     ; On                 ; On                 ;
+----------------------------------------------------------------------------+--------------------+--------------------+


+------------------------------------------+
; Parallel Compilation                     ;
+----------------------------+-------------+
; Processors                 ; Number      ;
+----------------------------+-------------+
; Number detected on machine ; 4           ;
; Maximum allowed            ; 4           ;
;                            ;             ;
; Average used               ; 1.00        ;
; Maximum used               ; 1           ;
;                            ;             ;
; Usage by Processor         ; % Time Used ;
;     1 processor            ; 100.0%      ;
;     2-4 processors         ;   0.0%      ;
+----------------------------+-------------+


+--------------------------------------------------------------------------------------------------------------------+
; Analysis & Synthesis Source Files Read                                                                             ;
+----------------------------------+-----------------+------------------------+--------------------------------------+
; File Name with User-Entered Path ; Used in Netlist ; File Type              ; File Name with Absolute Path         ;
+----------------------------------+-----------------+------------------------+--------------------------------------+
; soma.v                           ; yes             ; User Verilog HDL File  ; C:/Users/lssa/Desktop/sd2/soma.v     ;
; memoria.v                        ; yes             ; User Verilog HDL File  ; C:/Users/lssa/Desktop/sd2/memoria.v  ;
; X.v                              ; yes             ; User Verilog HDL File  ; C:/Users/lssa/Desktop/sd2/X.v        ;
; Y.v                              ; yes             ; User Verilog HDL File  ; C:/Users/lssa/Desktop/sd2/Y.v        ;
; contador.v                       ; yes             ; User Verilog HDL File  ; C:/Users/lssa/Desktop/sd2/contador.v ;
; controle.v                       ; yes             ; User Verilog HDL File  ; C:/Users/lssa/Desktop/sd2/controle.v ;
; cpu.v                            ; yes             ; User Verilog HDL File  ; C:/Users/lssa/Desktop/sd2/cpu.v      ;
+----------------------------------+-----------------+------------------------+--------------------------------------+


+-------------------------------------------------------+
; Analysis & Synthesis Resource Usage Summary           ;
+-----------------------------------------------+-------+
; Resource                                      ; Usage ;
+-----------------------------------------------+-------+
; Estimated ALUTs Used                          ; 37    ;
; Dedicated logic registers                     ; 14    ;
;                                               ;       ;
; Estimated ALUTs Unavailable                   ; 0     ;
;                                               ;       ;
; Total combinational functions                 ; 37    ;
; Combinational ALUT usage by number of inputs  ;       ;
;     -- 7 input functions                      ; 0     ;
;     -- 6 input functions                      ; 0     ;
;     -- 5 input functions                      ; 2     ;
;     -- 4 input functions                      ; 6     ;
;     -- <=3 input functions                    ; 29    ;
;                                               ;       ;
; Combinational ALUTs by mode                   ;       ;
;     -- normal mode                            ; 37    ;
;     -- extended LUT mode                      ; 0     ;
;     -- arithmetic mode                        ; 0     ;
;     -- shared arithmetic mode                 ; 0     ;
;                                               ;       ;
; Estimated ALUT/register pairs used            ; 37    ;
;                                               ;       ;
; Total registers                               ; 14    ;
;     -- Dedicated logic registers              ; 14    ;
;     -- I/O registers                          ; 0     ;
;                                               ;       ;
; Estimated ALMs:  partially or completely used ; 19    ;
;                                               ;       ;
; I/O pins                                      ; 37    ;
; Maximum fan-out node                          ; clk   ;
; Maximum fan-out                               ; 14    ;
; Total fan-out                                 ; 170   ;
; Average fan-out                               ; 1.93  ;
+-----------------------------------------------+-------+


+----------------------------------------------------------------------------------------------------------------------------------------------------------------------------------------------------+
; Analysis & Synthesis Resource Utilization by Entity                                                                                                                                                ;
+----------------------------+-------------------+--------------+-------------------+--------------+---------+-----------+-----------+------+--------------+--------------------------+--------------+
; Compilation Hierarchy Node ; LC Combinationals ; LC Registers ; Block Memory Bits ; DSP Elements ; DSP 9x9 ; DSP 18x18 ; DSP 36x36 ; Pins ; Virtual Pins ; Full Hierarchy Name      ; Library Name ;
+----------------------------+-------------------+--------------+-------------------+--------------+---------+-----------+-----------+------+--------------+--------------------------+--------------+
; |cpu                       ; 37 (0)            ; 14 (0)       ; 0                 ; 0            ; 0       ; 0         ; 0         ; 37   ; 0            ; |cpu                     ; work         ;
;    |X:regX|                ; 2 (2)             ; 2 (2)        ; 0                 ; 0            ; 0       ; 0         ; 0         ; 0    ; 0            ; |cpu|X:regX              ; work         ;
;    |X:regZ|                ; 4 (4)             ; 4 (4)        ; 0                 ; 0            ; 0       ; 0         ; 0         ; 0    ; 0            ; |cpu|X:regZ              ; work         ;
;    |Y:regY|                ; 5 (5)             ; 4 (4)        ; 0                 ; 0            ; 0       ; 0         ; 0         ; 0    ; 0            ; |cpu|Y:regY              ; work         ;
;    |contador:comb_3|       ; 4 (4)             ; 4 (4)        ; 0                 ; 0            ; 0       ; 0         ; 0         ; 0    ; 0            ; |cpu|contador:comb_3     ;              ;
;    |controle:controller|   ; 11 (11)           ; 0 (0)        ; 0                 ; 0            ; 0       ; 0         ; 0         ; 0    ; 0            ; |cpu|controle:controller ; work         ;
;    |memoria:comb_4|        ; 8 (8)             ; 0 (0)        ; 0                 ; 0            ; 0       ; 0         ; 0         ; 0    ; 0            ; |cpu|memoria:comb_4      ; work         ;
;    |soma:ula|              ; 3 (3)             ; 0 (0)        ; 0                 ; 0            ; 0       ; 0         ; 0         ; 0    ; 0            ; |cpu|soma:ula            ; work         ;
+----------------------------+-------------------+--------------+-------------------+--------------+---------+-----------+-----------+------+--------------+--------------------------+--------------+
Note: For table entries with two numbers listed, the numbers in parentheses indicate the number of resources of the given type used by the specific entity alone. The numbers listed outside of parentheses indicate the total resources of the given type used by the specific entity and all of its sub-entities in the hierarchy.


+---------------------------------------------------------------------------------------------------------+
; User-Specified and Inferred Latches                                                                     ;
+-----------------------------------------------------+--------------------------+------------------------+
; Latch Name                                          ; Latch Enable Signal      ; Free of Timing Hazards ;
+-----------------------------------------------------+--------------------------+------------------------+
; controle:controller|auxX[0]                         ; controle:controller|Mux6 ; yes                    ;
; controle:controller|auxX[1]                         ; controle:controller|Mux6 ; yes                    ;
; controle:controller|auxY[0]                         ; controle:controller|Mux6 ; yes                    ;
; controle:controller|auxY[2]                         ; controle:controller|Mux6 ; yes                    ;
; controle:controller|auxZ[0]                         ; controle:controller|Mux6 ; yes                    ;
; controle:controller|auxZ[1]                         ; controle:controller|Mux6 ; yes                    ;
; memoria:comb_4|valor[1]                             ; memoria:comb_4|Mux2      ; yes                    ;
; memoria:comb_4|valor[2]                             ; memoria:comb_4|Mux2      ; yes                    ;
; memoria:comb_4|saida[0]                             ; memoria:comb_4|Mux2      ; yes                    ;
; memoria:comb_4|saida[1]                             ; memoria:comb_4|Mux2      ; yes                    ;
; memoria:comb_4|saida[2]                             ; memoria:comb_4|Mux2      ; yes                    ;
; Number of user-specified and inferred latches = 11  ;                          ;                        ;
+-----------------------------------------------------+--------------------------+------------------------+
Note: All latches listed above may not be present at the end of synthesis due to various synthesis optimizations.


+--------------------------------------------------------------------------------+
; Registers Removed During Synthesis                                             ;
+---------------------------------------+----------------------------------------+
; Register name                         ; Reason for Removal                     ;
+---------------------------------------+----------------------------------------+
; X:regX|saida[0,3]                     ; Stuck at GND due to stuck port data_in ;
; Total Number of Removed Registers = 2 ;                                        ;
+---------------------------------------+----------------------------------------+


+------------------------------------------------------+
; General Register Statistics                          ;
+----------------------------------------------+-------+
; Statistic                                    ; Value ;
+----------------------------------------------+-------+
; Total registers                              ; 14    ;
; Number of registers using Synchronous Clear  ; 0     ;
; Number of registers using Synchronous Load   ; 0     ;
; Number of registers using Asynchronous Clear ; 0     ;
; Number of registers using Asynchronous Load  ; 0     ;
; Number of registers using Clock Enable       ; 8     ;
; Number of registers using Preset             ; 0     ;
+----------------------------------------------+-------+


+------------------------------------------------------------------------------------------------------------------------------------------+
; Multiplexer Restructuring Statistics (Restructuring Performed)                                                                           ;
+--------------------+-----------+---------------+----------------------+------------------------+------------+----------------------------+
; Multiplexer Inputs ; Bus Width ; Baseline Area ; Area if Restructured ; Saving if Restructured ; Registered ; Example Multiplexer Output ;
+--------------------+-----------+---------------+----------------------+------------------------+------------+----------------------------+
; 4:1                ; 2 bits    ; 4 ALUTs       ; 2 ALUTs              ; 2 ALUTs                ; Yes        ; |cpu|X:regX|saida[1]       ;
; 4:1                ; 2 bits    ; 4 ALUTs       ; 4 ALUTs              ; 0 ALUTs                ; Yes        ; |cpu|Y:regY|saida[1]       ;
; 4:1                ; 4 bits    ; 8 ALUTs       ; 4 ALUTs              ; 4 ALUTs                ; Yes        ; |cpu|X:regZ|saida[0]       ;
+--------------------+-----------+---------------+----------------------+------------------------+------------+----------------------------+


+-------------------------------------------------------------+
; Parameter Settings for User Entity Instance: memoria:comb_4 ;
+----------------+-------+------------------------------------+
; Parameter Name ; Value ; Type                               ;
+----------------+-------+------------------------------------+
; X              ; 4     ; Signed Integer                     ;
; Y              ; 2     ; Signed Integer                     ;
+----------------+-------+------------------------------------+
Note: In order to hide this table in the UI and the text report file, please set the "Show Parameter Settings Tables in Synthesis Report" option in "Analysis and Synthesis Settings -> More Settings" to "Off".


+------------------------------------------------------------------+
; Parameter Settings for User Entity Instance: controle:controller ;
+----------------+-------+-----------------------------------------+
; Parameter Name ; Value ; Type                                    ;
+----------------+-------+-----------------------------------------+
; LIMPARXZ       ; 00    ; Unsigned Binary                         ;
; CARREGARXZ     ; 01    ; Unsigned Binary                         ;
; MANTERXZ       ; 10    ; Unsigned Binary                         ;
; LIMPARY        ; 000   ; Unsigned Binary                         ;
; CARREGARY      ; 001   ; Unsigned Binary                         ;
; MANTERY        ; 010   ; Unsigned Binary                         ;
; SESQUERDAY     ; 011   ; Unsigned Binary                         ;
; SDIREITAY      ; 100   ; Unsigned Binary                         ;
; SOMAULA        ; 0     ; Unsigned Binary                         ;
; SUBULA         ; 1     ; Unsigned Binary                         ;
+----------------+-------+-----------------------------------------+
Note: In order to hide this table in the UI and the text report file, please set the "Show Parameter Settings Tables in Synthesis Report" option in "Analysis and Synthesis Settings -> More Settings" to "Off".


+-----------------------------------------------------+
; Parameter Settings for User Entity Instance: X:regX ;
+----------------+-------+----------------------------+
; Parameter Name ; Value ; Type                       ;
+----------------+-------+----------------------------+
; LIMPAR         ; 00    ; Unsigned Binary            ;
; CARREGAR       ; 01    ; Unsigned Binary            ;
; MANTER         ; 10    ; Unsigned Binary            ;
+----------------+-------+----------------------------+
Note: In order to hide this table in the UI and the text report file, please set the "Show Parameter Settings Tables in Synthesis Report" option in "Analysis and Synthesis Settings -> More Settings" to "Off".


+-----------------------------------------------------+
; Parameter Settings for User Entity Instance: Y:regY ;
+----------------+-------+----------------------------+
; Parameter Name ; Value ; Type                       ;
+----------------+-------+----------------------------+
; LIMPAR         ; 000   ; Unsigned Binary            ;
; CARREGAR       ; 001   ; Unsigned Binary            ;
; MANTER         ; 010   ; Unsigned Binary            ;
; SESQUERDA      ; 011   ; Unsigned Binary            ;
; SDIREITA       ; 100   ; Unsigned Binary            ;
+----------------+-------+----------------------------+
Note: In order to hide this table in the UI and the text report file, please set the "Show Parameter Settings Tables in Synthesis Report" option in "Analysis and Synthesis Settings -> More Settings" to "Off".


+-----------------------------------------------------+
; Parameter Settings for User Entity Instance: X:regZ ;
+----------------+-------+----------------------------+
; Parameter Name ; Value ; Type                       ;
+----------------+-------+----------------------------+
; LIMPAR         ; 00    ; Unsigned Binary            ;
; CARREGAR       ; 01    ; Unsigned Binary            ;
; MANTER         ; 10    ; Unsigned Binary            ;
+----------------+-------+----------------------------+
Note: In order to hide this table in the UI and the text report file, please set the "Show Parameter Settings Tables in Synthesis Report" option in "Analysis and Synthesis Settings -> More Settings" to "Off".


+-------------------------------+
; Analysis & Synthesis Messages ;
+-------------------------------+
Info: *******************************************************************
Info: Running Quartus II Analysis & Synthesis
    Info: Version 9.1 Build 350 03/24/2010 Service Pack 2 SJ Web Edition
    Info: Processing started: Wed May 29 13:46:04 2019
Info: Command: quartus_map --read_settings_files=on --write_settings_files=off proj2 -c proj2
Info: Parallel compilation is enabled and will use 4 of the 4 processors detected
Info: Found 1 design units, including 1 entities, in source file soma.v
    Info: Found entity 1: soma
Info: Found 1 design units, including 1 entities, in source file memoria.v
    Info: Found entity 1: memoria
Info: Found 1 design units, including 1 entities, in source file x.v
    Info: Found entity 1: X
Info: Found 1 design units, including 1 entities, in source file y.v
    Info: Found entity 1: Y
Info: Found 1 design units, including 1 entities, in source file contador.v
    Info: Found entity 1: contador
Info: Found 1 design units, including 1 entities, in source file controle.v
    Info: Found entity 1: controle
Info: Found 1 design units, including 1 entities, in source file cpu.v
    Info: Found entity 1: cpu
Critical Warning (10846): Verilog HDL Instantiation warning at cpu.v(16): instance has no name
Critical Warning (10846): Verilog HDL Instantiation warning at cpu.v(17): instance has no name
Info: Elaborating entity "cpu" for the top level hierarchy
Info: Elaborating entity "contador" for hierarchy "contador:comb_3"
Warning (10230): Verilog HDL assignment warning at contador.v(11): truncated value with size 32 to match size of target (4)
Info: Elaborating entity "memoria" for hierarchy "memoria:comb_4"
Warning (10230): Verilog HDL assignment warning at memoria.v(15): truncated value with size 32 to match size of target (4)
Warning (10230): Verilog HDL assignment warning at memoria.v(20): truncated value with size 32 to match size of target (4)
Warning (10270): Verilog HDL Case Statement warning at memoria.v(11): incomplete case statement has no default case item
Warning (10240): Verilog HDL Always Construct warning at memoria.v(11): inferring latch(es) for variable "saida", which holds its previous value in one or more paths through the always construct
Warning (10240): Verilog HDL Always Construct warning at memoria.v(11): inferring latch(es) for variable "valor", which holds its previous value in one or more paths through the always construct
Info (10041): Inferred latch for "valor[0]" at memoria.v(11)
Info (10041): Inferred latch for "valor[1]" at memoria.v(11)
Info (10041): Inferred latch for "valor[2]" at memoria.v(11)
Info (10041): Inferred latch for "valor[3]" at memoria.v(11)
Info (10041): Inferred latch for "saida[0]" at memoria.v(11)
Info (10041): Inferred latch for "saida[1]" at memoria.v(11)
Info (10041): Inferred latch for "saida[2]" at memoria.v(11)
Info (10041): Inferred latch for "saida[3]" at memoria.v(11)
Info: Elaborating entity "controle" for hierarchy "controle:controller"
Warning (10270): Verilog HDL Case Statement warning at controle.v(23): incomplete case statement has no default case item
Warning (10240): Verilog HDL Always Construct warning at controle.v(23): inferring latch(es) for variable "auxX", which holds its previous value in one or more paths through the always construct
Warning (10240): Verilog HDL Always Construct warning at controle.v(23): inferring latch(es) for variable "auxY", which holds its previous value in one or more paths through the always construct
Warning (10240): Verilog HDL Always Construct warning at controle.v(23): inferring latch(es) for variable "auxZ", which holds its previous value in one or more paths through the always construct
Warning (10240): Verilog HDL Always Construct warning at controle.v(23): inferring latch(es) for variable "auxULA", which holds its previous value in one or more paths through the always construct
Info (10041): Inferred latch for "auxULA" at controle.v(23)
Info (10041): Inferred latch for "auxZ[0]" at controle.v(23)
Info (10041): Inferred latch for "auxZ[1]" at controle.v(23)
Info (10041): Inferred latch for "auxY[0]" at controle.v(23)
Info (10041): Inferred latch for "auxY[1]" at controle.v(23)
Info (10041): Inferred latch for "auxY[2]" at controle.v(23)
Info (10041): Inferred latch for "auxX[0]" at controle.v(23)
Info (10041): Inferred latch for "auxX[1]" at controle.v(23)
Info: Elaborating entity "X" for hierarchy "X:regX"
Info: Elaborating entity "Y" for hierarchy "Y:regY"
Info: Elaborating entity "soma" for hierarchy "soma:ula"
Warning (10240): Verilog HDL Always Construct warning at soma.v(9): inferring latch(es) for variable "saida", which holds its previous value in one or more paths through the always construct
Info (10041): Inferred latch for "saida[0]" at soma.v(9)
Info (10041): Inferred latch for "saida[1]" at soma.v(9)
Info (10041): Inferred latch for "saida[2]" at soma.v(9)
Info (10041): Inferred latch for "saida[3]" at soma.v(9)
Warning: Latch controle:controller|auxX[0] has unsafe behavior
    Warning: Ports D and ENA on the latch are fed by the same signal memoria:comb_4|saida[1]
Warning: Latch controle:controller|auxX[1] has unsafe behavior
    Warning: Ports D and ENA on the latch are fed by the same signal memoria:comb_4|saida[1]
Warning: Latch controle:controller|auxY[0] has unsafe behavior
    Warning: Ports D and ENA on the latch are fed by the same signal memoria:comb_4|saida[0]
Warning: Latch controle:controller|auxY[2] has unsafe behavior
    Warning: Ports D and ENA on the latch are fed by the same signal memoria:comb_4|saida[0]
Warning: Latch controle:controller|auxZ[0] has unsafe behavior
    Warning: Ports D and ENA on the latch are fed by the same signal memoria:comb_4|saida[2]
Warning: Latch controle:controller|auxZ[1] has unsafe behavior
    Warning: Ports D and ENA on the latch are fed by the same signal memoria:comb_4|saida[0]
Warning: Latch memoria:comb_4|valor[1] has unsafe behavior
    Warning: Ports D and ENA on the latch are fed by the same signal contador:comb_3|saida[0]
Warning: Latch memoria:comb_4|valor[2] has unsafe behavior
    Warning: Ports D and ENA on the latch are fed by the same signal contador:comb_3|saida[0]
Warning: Latch memoria:comb_4|saida[0] has unsafe behavior
    Warning: Ports D and ENA on the latch are fed by the same signal contador:comb_3|saida[0]
Warning: Latch memoria:comb_4|saida[1] has unsafe behavior
    Warning: Ports D and ENA on the latch are fed by the same signal contador:comb_3|saida[1]
Warning: Latch memoria:comb_4|saida[2] has unsafe behavior
    Warning: Ports D and ENA on the latch are fed by the same signal contador:comb_3|saida[2]
Warning: Output pins are stuck at VCC or GND
    Warning (13410): Pin "saidaX[0]" is stuck at GND
    Warning (13410): Pin "saidaX[3]" is stuck at GND
    Warning (13410): Pin "auxY[1]" is stuck at GND
    Warning (13410): Pin "auxULA" is stuck at GND
    Warning (13410): Pin "valMemory[0]" is stuck at GND
    Warning (13410): Pin "valMemory[3]" is stuck at GND
    Warning (13410): Pin "funcsaidaMemory[3]" is stuck at GND
Warning: Ignored assignments for entity "proj2" -- entity does not exist in design
    Warning: Assignment for entity set_global_assignment -name LL_ROOT_REGION ON -entity proj2 -section_id "Root Region" was ignored
    Warning: Assignment for entity set_global_assignment -name LL_MEMBER_STATE LOCKED -entity proj2 -section_id "Root Region" was ignored
Info: Implemented 74 device resources after synthesis - the final resource count might be different
    Info: Implemented 1 input pins
    Info: Implemented 36 output pins
    Info: Implemented 37 logic cells
Info: Quartus II Analysis & Synthesis was successful. 0 errors, 47 warnings
    Info: Peak virtual memory: 284 megabytes
    Info: Processing ended: Wed May 29 13:46:05 2019
    Info: Elapsed time: 00:00:01
    Info: Total CPU time (on all processors): 00:00:01


